Loading action_sets...
Done!
No translation for file popupbox_with_cancel.xml
No translation for file popupbox.xml
No translation for file serverlist.xml
No translation for file city_info.xml
No translation for file minimap.xml
No translation for file menu_panel.xml
No translation for file status.xml
No translation for file status_extra.xml
No translation for file hud_messages.xml
No translation for file hud_messages_text.xml
No translation for file status_gold.xml
No translation for file status_extra_gold.xml
WARNING: Cannot autoselect a player because there are no 			or multiple candidates.
loading worldobject 1 <horizons.world.island.Island object at 0xe194d0c>
Wild animal 11 created at Point(12, -16); can_reproduce: True; population now: 1
Wild animal 30 created at Point(13, -17); can_reproduce: True; population now: 2
Wild animal 51 created at Point(-12, -2); can_reproduce: True; population now: 3
Wild animal 185 created at Point(-19, 5); can_reproduce: True; population now: 4
Wild animal 224 created at Point(1, 15); can_reproduce: True; population now: 5
Wild animal 234 created at Point(-4, -5); can_reproduce: True; population now: 6
Wild animal 266 created at Point(2, 11); can_reproduce: True; population now: 7
Wild animal 268 created at Point(-1, 1); can_reproduce: True; population now: 8
Wild animal 307 created at Point(12, -4); can_reproduce: True; population now: 9
Wild animal 326 created at Point(-7, -23); can_reproduce: True; population now: 10
Wild animal 334 created at Point(5, -1); can_reproduce: True; population now: 11
Wild animal 353 created at Point(7, -14); can_reproduce: True; population now: 12
Scheduler calling Callback(<function search_job at 0xe171224> on <horizons.world.units.Unit[13] object at 0xe19e1ec>)
CollectorAnimal 11 search job
Collector 11 search job
WildAnimal 11: get_job
found path: [(12, -16), (13, -16), (14, -16), (15, -16), (16, -16)]
Collector 11 begins job at Rect(-16, 16, 16, -16)
found path: [(12, -16), (13, -16), (14, -16), (15, -16), (16, -16)]
found path: [(12, -16), (13, -16), (14, -16), (15, -16), (16, -16)]
Collector 11 began job
Scheduler calling Callback(<function search_job at 0xe171224> on <horizons.world.units.Unit[13] object at 0xf4d484c>)
CollectorAnimal 30 search job
Collector 30 search job
WildAnimal 30: get_job
found path: [(13, -17), (14, -18), (15, -19), (15, -20)]
Collector 30 begins job at Rect(-20, 15, 15, -20)
found path: [(13, -17), (14, -18), (15, -19), (15, -20)]
found path: [(13, -17), (14, -18), (15, -19), (15, -20)]
Collector 30 began job
Scheduler calling Callback(<function search_job at 0xe171224> on <horizons.world.units.Unit[13] object at 0xf4e26ec>)
CollectorAnimal 51 search job
Collector 51 search job
WildAnimal 51: get_job
found path: [(-12, -2), (-11, -2), (-10, -2), (-9, -2), (-8, -2)]
Collector 51 begins job at Rect(-2, -8, -8, -2)
found path: [(-12, -2), (-11, -2), (-10, -2), (-9, -2), (-8, -2)]
found path: [(-12, -2), (-11, -2), (-10, -2), (-9, -2), (-8, -2)]
Collector 51 began job
Scheduler calling Callback(<function search_job at 0xe171224> on <horizons.world.units.Unit[13] object at 0xf4ef7ec>)
CollectorAnimal 185 search job
Collector 185 search job
WildAnimal 185: get_job
found path: [(-19, 5), (-18, 6), (-17, 6), (-16, 6), (-15, 6)]
Collector 185 begins job at Rect(6, -15, -15, 6)
found path: [(-19, 5), (-18, 6), (-17, 6), (-16, 6), (-15, 6)]
found path: [(-19, 5), (-18, 6), (-17, 6), (-16, 6), (-15, 6)]
Collector 185 began job
Scheduler calling Callback(<function search_job at 0xe171224> on <horizons.world.units.Unit[13] object at 0xf5793cc>)
CollectorAnimal 224 search job
Collector 224 search job
WildAnimal 224: get_job
found path: [(1, 15), (2, 14), (2, 13)]
Collector 224 begins job at Rect(13, 2, 2, 13)
found path: [(1, 15), (2, 14), (2, 13)]
found path: [(1, 15), (2, 14), (2, 13)]
Collector 224 began job
Scheduler calling Callback(<function search_job at 0xe171224> on <horizons.world.units.Unit[13] object at 0xf5ac08c>)
CollectorAnimal 234 search job
Collector 234 search job
WildAnimal 234: get_job
found path: [(-4, -5), (-3, -4), (-2, -3), (-1, -3)]
Collector 234 begins job at Rect(-3, -1, -1, -3)
found path: [(-4, -5), (-3, -4), (-2, -3), (-1, -3)]
found path: [(-4, -5), (-3, -4), (-2, -3), (-1, -3)]
Collector 234 began job
Scheduler calling Callback(<function search_job at 0xe171224> on <horizons.world.units.Unit[13] object at 0xf5b206c>)
CollectorAnimal 266 search job
Collector 266 search job
WildAnimal 266: get_job
found path: [(2, 11), (3, 10), (4, 9), (5, 9)]
Collector 266 begins job at Rect(9, 5, 5, 9)
found path: [(2, 11), (3, 10), (4, 9), (5, 9)]
found path: [(2, 11), (3, 10), (4, 9), (5, 9)]
Collector 266 began job
Scheduler calling Callback(<function search_job at 0xe171224> on <horizons.world.units.Unit[13] object at 0xf5c520c>)
CollectorAnimal 268 search job
Collector 268 search job
WildAnimal 268: get_job
found path: [(-1, 1), (0, 2), (1, 3), (2, 4), (3, 4)]
Collector 268 begins job at Rect(4, 3, 3, 4)
found path: [(-1, 1), (0, 2), (1, 3), (2, 4), (3, 4)]
found path: [(-1, 1), (0, 2), (1, 3), (2, 4), (3, 4)]
Collector 268 began job
Scheduler calling Callback(<function search_job at 0xe171224> on <horizons.world.units.Unit[13] object at 0xf5c564c>)
CollectorAnimal 307 search job
Collector 307 search job
WildAnimal 307: get_job
found path: [(12, -4), (11, -5), (10, -6), (10, -7), (10, -8)]
Collector 307 begins job at Rect(-8, 10, 10, -8)
found path: [(12, -4), (11, -5), (10, -6), (10, -7), (10, -8)]
found path: [(12, -4), (11, -5), (10, -6), (10, -7), (10, -8)]
Collector 307 began job
Scheduler calling Callback(<function search_job at 0xe171224> on <horizons.world.units.Unit[13] object at 0xf5fa28c>)
CollectorAnimal 326 search job
Collector 326 search job
WildAnimal 326: get_job
found path: [(-7, -23), (-8, -24), (-9, -25), (-10, -25)]
Collector 326 begins job at Rect(-25, -10, -10, -25)
found path: [(-7, -23), (-8, -24), (-9, -25), (-10, -25)]
found path: [(-7, -23), (-8, -24), (-9, -25), (-10, -25)]
Collector 326 began job
Scheduler calling Callback(<function search_job at 0xe171224> on <horizons.world.units.Unit[13] object at 0xf60708c>)
CollectorAnimal 334 search job
Collector 334 search job
WildAnimal 334: get_job
found path: [(5, -1), (4, -1), (3, -1), (2, -1), (1, -1)]
Collector 334 begins job at Rect(-1, 1, 1, -1)
found path: [(5, -1), (4, -1), (3, -1), (2, -1), (1, -1)]
found path: [(5, -1), (4, -1), (3, -1), (2, -1), (1, -1)]
Collector 334 began job
Scheduler calling Callback(<function search_job at 0xe171224> on <horizons.world.units.Unit[13] object at 0xf607dcc>)
CollectorAnimal 353 search job
Collector 353 search job
WildAnimal 353: get_job
found path: [(7, -14), (6, -15), (5, -16), (4, -17), (3, -17)]
Collector 353 begins job at Rect(-17, 3, 3, -17)
found path: [(7, -14), (6, -15), (5, -16), (4, -17), (3, -17)]
found path: [(7, -14), (6, -15), (5, -16), (4, -17), (3, -17)]
Collector 353 began job
Scheduler calling Callback(<function <lambda> at 0xf60a9cc> on <horizons.ai.trader.Trader object at 0xe19e1cc>)
Trader 377: moving to random location
found path: [(28, -19), (27, -20), (26, -21), (25, -22), (24, -23), (23, -24), (22, -25), (21, -26), (20, -27), (19, -28), (18, -29), (17, -30), (16, -31), (15, -32), (14, -33), (13, -34), (12, -35), (11, -36), (10, -37), (9, -38), (8, -38), (7, -38), (6, -38), (5, -38), (4, -38), (3, -38), (2, -38), (1, -38), (0, -38)]
Scheduler calling Callback(<function move_tick at 0xb588a8b4> on <horizons.world.units.Unit[13] object at 0xe19e1ec>)
Scheduler calling Callback(<function move_tick at 0xb588a8b4> on <horizons.world.units.Unit[13] object at 0xf4e26ec>)
Scheduler calling Callback(<function move_tick at 0xb588a8b4> on <horizons.world.units.Unit[13] object at 0xf60708c>)
Scheduler calling Callback(<function move_tick at 0xb588a8b4> on <horizons.world.units.Unit[13] object at 0xf4d484c>)
Scheduler calling Callback(<function move_tick at 0xb588a8b4> on <horizons.world.units.Unit[13] object at 0xf4ef7ec>)
Scheduler calling Callback(<function move_tick at 0xb588a8b4> on <horizons.world.units.Unit[13] object at 0xf5793cc>)
Scheduler calling Callback(<function move_tick at 0xb588a8b4> on <horizons.world.units.Unit[13] object at 0xf5ac08c>)
Scheduler calling Callback(<function move_tick at 0xb588a8b4> on <horizons.world.units.Unit[13] object at 0xf5b206c>)
Scheduler calling Callback(<function move_tick at 0xb588a8b4> on <horizons.world.units.Unit[13] object at 0xf5c520c>)
Scheduler calling Callback(<function move_tick at 0xb588a8b4> on <horizons.world.units.Unit[13] object at 0xf5c564c>)
Scheduler calling Callback(<function move_tick at 0xb588a8b4> on <horizons.world.units.Unit[13] object at 0xf5fa28c>)
Scheduler calling Callback(<function move_tick at 0xb588a8b4> on <horizons.world.units.Unit[13] object at 0xf607dcc>)
Scheduler calling Callback(<function move_tick at 0xa94b2cc> on <horizons.world.units.Unit[6] object at 0xf63198c>)
Scheduler calling Callback(<function move_tick at 0xb588a8b4> on <horizons.world.units.Unit[13] object at 0xe19e1ec>)
Scheduler calling Callback(<function move_tick at 0xb588a8b4> on <horizons.world.units.Unit[13] object at 0xf4e26ec>)
Scheduler calling Callback(<function move_tick at 0xb588a8b4> on <horizons.world.units.Unit[13] object at 0xf60708c>)
Scheduler calling Callback(<function move_tick at 0xb588a8b4> on <horizons.world.units.Unit[13] object at 0xf4ef7ec>)
Scheduler calling Callback(<function move_tick at 0xb588a8b4> on <horizons.world.units.Unit[13] object at 0xf5793cc>)
Collector 224 begins working
Scheduler calling Callback(<function move_tick at 0xb588a8b4> on <horizons.world.units.Unit[13] object at 0xf4d484c>)
Scheduler calling Callback(<function move_tick at 0xb588a8b4> on <horizons.world.units.Unit[13] object at 0xf5ac08c>)
Scheduler calling Callback(<function move_tick at 0xb588a8b4> on <horizons.world.units.Unit[13] object at 0xf5b206c>)
Scheduler calling Callback(<function move_tick at 0xb588a8b4> on <horizons.world.units.Unit[13] object at 0xf5c520c>)
Scheduler calling Callback(<function move_tick at 0xb588a8b4> on <horizons.world.units.Unit[13] object at 0xf5c564c>)
Scheduler calling Callback(<function move_tick at 0xb588a8b4> on <horizons.world.units.Unit[13] object at 0xf5fa28c>)
Scheduler calling Callback(<function move_tick at 0xb588a8b4> on <horizons.world.units.Unit[13] object at 0xf607dcc>)
Scheduler calling Callback(<function move_tick at 0xa94b2cc> on <horizons.world.units.Unit[6] object at 0xf63198c>)
Scheduler calling Callback(<function move_tick at 0xb588a8b4> on <horizons.world.units.Unit[13] object at 0xe19e1ec>)
Scheduler calling Callback(<function move_tick at 0xb588a8b4> on <horizons.world.units.Unit[13] object at 0xf4e26ec>)
Scheduler calling Callback(<function move_tick at 0xb588a8b4> on <horizons.world.units.Unit[13] object at 0xf60708c>)
No translation for file tab_base.xml
Scheduler calling Callback(<function move_tick at 0xb588a8b4> on <horizons.world.units.Unit[13] object at 0xf4ef7ec>)
found path: [(31, 17), (30, 16), (29, 15), (28, 14), (27, 13), (26, 12), (25, 12), (24, 12)]
Scheduler calling Callback(<function move_tick at 0xb588a8b4> on <horizons.world.units.Unit[13] object at 0xf4d484c>)
Collector 30 begins working
Scheduler calling Callback(<function move_tick at 0xb588a8b4> on <horizons.world.units.Unit[13] object at 0xf5ac08c>)
Collector 234 begins working
Scheduler calling Callback(<function move_tick at 0xb588a8b4> on <horizons.world.units.Unit[13] object at 0xf5b206c>)
Collector 266 begins working
Scheduler calling Callback(<function move_tick at 0xb588a8b4> on <horizons.world.units.Unit[13] object at 0xf5c564c>)
Scheduler calling Callback(<function move_tick at 0xb588a8b4> on <horizons.world.units.Unit[13] object at 0xf5fa28c>)
Collector 326 begins working
Scheduler calling Callback(<function move_tick at 0xb588a8b4> on <horizons.world.units.Unit[13] object at 0xe19e1ec>)
Collector 11 begins working
Scheduler calling Callback(<function move_tick at 0xb588a8b4> on <horizons.world.units.Unit[13] object at 0xf4e26ec>)
Collector 51 begins working
Scheduler calling Callback(<function move_tick at 0xb588a8b4> on <horizons.world.units.Unit[13] object at 0xf60708c>)
Collector 334 begins working
Scheduler calling Callback(<function move_tick at 0xb588a8b4> on <horizons.world.units.Unit[13] object at 0xf5c520c>)
Scheduler calling Callback(<function move_tick at 0xb588a8b4> on <horizons.world.units.Unit[13] object at 0xf607dcc>)
Scheduler calling Callback(<function move_tick at 0xa94b2cc> on <horizons.world.units.Unit[6] object at 0xf63198c>)
Scheduler calling Callback(<function move_tick at 0xa94b2cc> on <horizons.world.units.Unit[1] object at 0xf631b8c>)
Scheduler calling Callback(<function move_tick at 0xb588a8b4> on <horizons.world.units.Unit[13] object at 0xf4ef7ec>)
Collector 185 begins working
Scheduler calling Callback(<function move_tick at 0xb588a8b4> on <horizons.world.units.Unit[13] object at 0xf5c564c>)
Collector 307 begins working
Scheduler calling Callback(<function move_tick at 0xa94b2cc> on <horizons.world.units.Unit[1] object at 0xf631b8c>)
Scheduler calling Callback(<function move_tick at 0xb588a8b4> on <horizons.world.units.Unit[13] object at 0xf5c520c>)
Collector 268 begins working
Scheduler calling Callback(<function move_tick at 0xb588a8b4> on <horizons.world.units.Unit[13] object at 0xf607dcc>)
Collector 353 begins working
Scheduler calling Callback(<function move_tick at 0xa94b2cc> on <horizons.world.units.Unit[1] object at 0xf631b8c>)
Scheduler calling Callback(<function move_tick at 0xa94b2cc> on <horizons.world.units.Unit[6] object at 0xf63198c>)
Scheduler calling Callback(<function move_tick at 0xa94b2cc> on <horizons.world.units.Unit[1] object at 0xf631b8c>)
Scheduler calling Callback(<function move_tick at 0xa94b2cc> on <horizons.world.units.Unit[1] object at 0xf631b8c>)
Scheduler calling Callback(<function move_tick at 0xa94b2cc> on <horizons.world.units.Unit[1] object at 0xf631b8c>)
Scheduler calling Callback(<function move_tick at 0xa94b2cc> on <horizons.world.units.Unit[6] object at 0xf63198c>)
Scheduler calling Callback(<function move_tick at 0xa94b2cc> on <horizons.world.units.Unit[1] object at 0xf631b8c>)
Scheduler calling Callback(<function move_tick at 0xa94b2cc> on <horizons.world.units.Unit[6] object at 0xf63198c>)
Scheduler calling Callback(<function move_tick at 0xa94b2cc> on <horizons.world.units.Unit[6] object at 0xf63198c>)
Scheduler calling Callback(<function finish_working at 0xe1711ec> on <horizons.world.units.Unit[13] object at 0xf5793cc>)
Collector 224 finished working
Collector 13 transfer_res
Collector 224 end_job - waiting for new search_job
Wild animal 224 end_job; health: 10
Scheduler calling Callback(<function move_tick at 0xa94b2cc> on <horizons.world.units.Unit[6] object at 0xf63198c>)
Scheduler calling Callback(<function finish_working at 0xe1711ec> on <horizons.world.units.Unit[13] object at 0xf4d484c>)
Collector 30 finished working
Collector 13 transfer_res
Collector 30 end_job - waiting for new search_job
Wild animal 30 end_job; health: 10
Scheduler calling Callback(<function finish_working at 0xe1711ec> on <horizons.world.units.Unit[13] object at 0xf5ac08c>)
Collector 234 finished working
Collector 13 transfer_res
Collector 234 end_job - waiting for new search_job
Wild animal 234 end_job; health: 10
Scheduler calling Callback(<function finish_working at 0xe1711ec> on <horizons.world.units.Unit[13] object at 0xf5b206c>)
Collector 266 finished working
Collector 13 transfer_res
Collector 266 end_job - waiting for new search_job
Wild animal 266 end_job; health: 10
Scheduler calling Callback(<function finish_working at 0xe1711ec> on <horizons.world.units.Unit[13] object at 0xf5fa28c>)
Collector 326 finished working
Collector 13 transfer_res
Collector 326 end_job - waiting for new search_job
Wild animal 326 end_job; health: 10
Scheduler calling Callback(<function finish_working at 0xe1711ec> on <horizons.world.units.Unit[13] object at 0xe19e1ec>)
Collector 11 finished working
Collector 13 transfer_res
Collector 11 end_job - waiting for new search_job
Wild animal 11 end_job; health: 10
Scheduler calling Callback(<function finish_working at 0xe1711ec> on <horizons.world.units.Unit[13] object at 0xf4e26ec>)
Collector 51 finished working
Collector 13 transfer_res
Collector 51 end_job - waiting for new search_job
Wild animal 51 end_job; health: 10
Scheduler calling Callback(<function finish_working at 0xe1711ec> on <horizons.world.units.Unit[13] object at 0xf60708c>)
Collector 334 finished working
Collector 13 transfer_res
Collector 334 end_job - waiting for new search_job
Wild animal 334 end_job; health: 10
Scheduler calling Callback(<function finish_working at 0xe1711ec> on <horizons.world.units.Unit[13] object at 0xf4ef7ec>)
Collector 185 finished working
Collector 13 transfer_res
Collector 185 end_job - waiting for new search_job
Wild animal 185 end_job; health: 10
Scheduler calling Callback(<function move_tick at 0xa94b2cc> on <horizons.world.units.Unit[6] object at 0xf63198c>)
Scheduler calling Callback(<function finish_working at 0xe1711ec> on <horizons.world.units.Unit[13] object at 0xf5c564c>)
Collector 307 finished working
Collector 13 transfer_res
Collector 307 end_job - waiting for new search_job
Wild animal 307 end_job; health: 10
Scheduler calling Callback(<function search_job at 0xe171224> on <horizons.world.units.Unit[13] object at 0xf5793cc>)
CollectorAnimal 224 search job
Collector 224 search job
WildAnimal 224: get_job
found path: [(2, 13), (1, 12)]
Collector 224 begins job at Rect(12, 1, 1, 12)
found path: [(2, 13), (1, 12)]
found path: [(2, 13), (1, 12)]
Collector 224 began job
Scheduler calling Callback(<function finish_working at 0xe1711ec> on <horizons.world.units.Unit[13] object at 0xf5c520c>)
Collector 268 finished working
Collector 13 transfer_res
Collector 268 end_job - waiting for new search_job
Wild animal 268 end_job; health: 10
Scheduler calling Callback(<function finish_working at 0xe1711ec> on <horizons.world.units.Unit[13] object at 0xf607dcc>)
Collector 353 finished working
Collector 13 transfer_res
Collector 353 end_job - waiting for new search_job
Wild animal 353 end_job; health: 10
found path: [(24, 12), (23, 11), (22, 10), (21, 9), (21, 8), (21, 7), (21, 6), (21, 5), (21, 4), (21, 3)]
Scheduler calling Callback(<function move_tick at 0xa94b2cc> on <horizons.world.units.Unit[6] object at 0xf63198c>)
Scheduler calling Callback(<function move_tick at 0xa94b2cc> on <horizons.world.units.Unit[1] object at 0xf631b8c>)
Scheduler calling Callback(<function search_job at 0xe171224> on <horizons.world.units.Unit[13] object at 0xf4d484c>)
CollectorAnimal 30 search job
Collector 30 search job
WildAnimal 30: get_job
found path: [(15, -20), (14, -19), (13, -19)]
Collector 30 begins job at Rect(-19, 13, 13, -19)
found path: [(15, -20), (14, -19), (13, -19)]
found path: [(15, -20), (14, -19), (13, -19)]
Collector 30 began job
Scheduler calling Callback(<function search_job at 0xe171224> on <horizons.world.units.Unit[13] object at 0xf5ac08c>)
CollectorAnimal 234 search job
Collector 234 search job
WildAnimal 234: get_job
found path: [(-1, -3), (0, -4), (0, -5), (0, -6), (0, -7)]
Collector 234 begins job at Rect(-7, 0, 0, -7)
found path: [(-1, -3), (0, -4), (0, -5), (0, -6), (0, -7)]
found path: [(-1, -3), (0, -4), (0, -5), (0, -6), (0, -7)]
Collector 234 began job
Scheduler calling Callback(<function search_job at 0xe171224> on <horizons.world.units.Unit[13] object at 0xf5b206c>)
CollectorAnimal 266 search job
Collector 266 search job
WildAnimal 266: get_job
found path: [(5, 9), (4, 8), (3, 7), (3, 6), (3, 5)]
Collector 266 begins job at Rect(5, 3, 3, 5)
found path: [(5, 9), (4, 8), (3, 7), (3, 6), (3, 5)]
found path: [(5, 9), (4, 8), (3, 7), (3, 6), (3, 5)]
Collector 266 began job
Scheduler calling Callback(<function search_job at 0xe171224> on <horizons.world.units.Unit[13] object at 0xf5fa28c>)
CollectorAnimal 326 search job
Collector 326 search job
WildAnimal 326: get_job
found path: [(-10, -25), (-9, -24), (-8, -24), (-7, -24), (-6, -24)]
Collector 326 begins job at Rect(-24, -6, -6, -24)
found path: [(-10, -25), (-9, -24), (-8, -24), (-7, -24), (-6, -24)]
found path: [(-10, -25), (-9, -24), (-8, -24), (-7, -24), (-6, -24)]
Collector 326 began job
Scheduler calling Callback(<function move_tick at 0xb588a8b4> on <horizons.world.units.Unit[13] object at 0xf5793cc>)
Collector 224 begins working
Scheduler calling Callback(<function search_job at 0xe171224> on <horizons.world.units.Unit[13] object at 0xe19e1ec>)
CollectorAnimal 11 search job
Collector 11 search job
WildAnimal 11: get_job
found path: [(16, -16), (15, -17), (14, -18), (13, -19)]
Collector 11 begins job at Rect(-19, 13, 13, -19)
found path: [(16, -16), (15, -17), (14, -18), (13, -19)]
found path: [(16, -16), (15, -17), (14, -18), (13, -19)]
Collector 11 began job
Scheduler calling Callback(<function search_job at 0xe171224> on <horizons.world.units.Unit[13] object at 0xf4e26ec>)
CollectorAnimal 51 search job
Collector 51 search job
WildAnimal 51: get_job
found path: [(-8, -2), (-7, -3), (-6, -4)]
Collector 51 begins job at Rect(-4, -6, -6, -4)
found path: [(-8, -2), (-7, -3), (-6, -4)]
found path: [(-8, -2), (-7, -3), (-6, -4)]
Collector 51 began job
Scheduler calling Callback(<function search_job at 0xe171224> on <horizons.world.units.Unit[13] object at 0xf60708c>)
CollectorAnimal 334 search job
Collector 334 search job
WildAnimal 334: get_job
found path: [(1, -1), (2, -2), (3, -3), (4, -4)]
Collector 334 begins job at Rect(-4, 4, 4, -4)
found path: [(1, -1), (2, -2), (3, -3), (4, -4)]
found path: [(1, -1), (2, -2), (3, -3), (4, -4)]
Collector 334 began job
Scheduler calling Callback(<function move_tick at 0xa94b2cc> on <horizons.world.units.Unit[1] object at 0xf631b8c>)
Scheduler calling Callback(<function search_job at 0xe171224> on <horizons.world.units.Unit[13] object at 0xf4ef7ec>)
CollectorAnimal 185 search job
Collector 185 search job
WildAnimal 185: get_job
found path: [(-15, 6), (-16, 5), (-16, 4)]
Collector 185 begins job at Rect(4, -16, -16, 4)
found path: [(-15, 6), (-16, 5), (-16, 4)]
found path: [(-15, 6), (-16, 5), (-16, 4)]
Collector 185 began job
Scheduler calling Callback(<function search_job at 0xe171224> on <horizons.world.units.Unit[13] object at 0xf5c564c>)
CollectorAnimal 307 search job
Collector 307 search job
WildAnimal 307: get_job
found path: [(10, -8), (9, -7), (8, -6), (8, -5)]
Collector 307 begins job at Rect(-5, 8, 8, -5)
found path: [(10, -8), (9, -7), (8, -6), (8, -5)]
found path: [(10, -8), (9, -7), (8, -6), (8, -5)]
Collector 307 began job
Scheduler calling Callback(<function move_tick at 0xa94b2cc> on <horizons.world.units.Unit[1] object at 0xf631b8c>)
Scheduler calling Callback(<function move_tick at 0xa94b2cc> on <horizons.world.units.Unit[6] object at 0xf63198c>)
Scheduler calling Callback(<function search_job at 0xe171224> on <horizons.world.units.Unit[13] object at 0xf5c520c>)
CollectorAnimal 268 search job
Collector 268 search job
WildAnimal 268: get_job
found path: [(3, 4), (2, 3), (1, 2), (0, 1), (0, 0)]
Collector 268 begins job at Rect(0, 0, 0, 0)
found path: [(3, 4), (2, 3), (1, 2), (0, 1), (0, 0)]
found path: [(3, 4), (2, 3), (1, 2), (0, 1), (0, 0)]
Collector 268 began job
Scheduler calling Callback(<function search_job at 0xe171224> on <horizons.world.units.Unit[13] object at 0xf607dcc>)
CollectorAnimal 353 search job
Collector 353 search job
WildAnimal 353: get_job
found path: [(3, -17), (4, -18), (5, -19), (5, -20)]
Collector 353 begins job at Rect(-20, 5, 5, -20)
found path: [(3, -17), (4, -18), (5, -19), (5, -20)]
found path: [(3, -17), (4, -18), (5, -19), (5, -20)]
Collector 353 began job
Scheduler calling Callback(<function move_tick at 0xb588a8b4> on <horizons.world.units.Unit[13] object at 0xf4d484c>)
Scheduler calling Callback(<function move_tick at 0xb588a8b4> on <horizons.world.units.Unit[13] object at 0xf5ac08c>)
Scheduler calling Callback(<function move_tick at 0xb588a8b4> on <horizons.world.units.Unit[13] object at 0xf5b206c>)
Scheduler calling Callback(<function move_tick at 0xb588a8b4> on <horizons.world.units.Unit[13] object at 0xf5fa28c>)
Scheduler calling Callback(<function move_tick at 0xa94b2cc> on <horizons.world.units.Unit[1] object at 0xf631b8c>)
Scheduler calling Callback(<function move_tick at 0xb588a8b4> on <horizons.world.units.Unit[13] object at 0xe19e1ec>)
Scheduler calling Callback(<function move_tick at 0xb588a8b4> on <horizons.world.units.Unit[13] object at 0xf4e26ec>)
Scheduler calling Callback(<function move_tick at 0xb588a8b4> on <horizons.world.units.Unit[13] object at 0xf60708c>)
found path: [(21, 7), (20, 6), (19, 5), (18, 4), (17, 3), (16, 3), (15, 3), (14, 3)]
Scheduler calling Callback(<function move_tick at 0xa94b2cc> on <horizons.world.units.Unit[1] object at 0xf631b8c>)
Scheduler calling Callback(<function move_tick at 0xb588a8b4> on <horizons.world.units.Unit[13] object at 0xf4ef7ec>)
Scheduler calling Callback(<function move_tick at 0xb588a8b4> on <horizons.world.units.Unit[13] object at 0xf5c564c>)
Scheduler calling Callback(<function move_tick at 0xb588a8b4> on <horizons.world.units.Unit[13] object at 0xf4d484c>)
Collector 30 begins working
Scheduler calling Callback(<function move_tick at 0xb588a8b4> on <horizons.world.units.Unit[13] object at 0xf5ac08c>)
Scheduler calling Callback(<function move_tick at 0xb588a8b4> on <horizons.world.units.Unit[13] object at 0xf5fa28c>)
Scheduler calling Callback(<function move_tick at 0xa94b2cc> on <horizons.world.units.Unit[1] object at 0xf631b8c>)
Scheduler calling Callback(<function move_tick at 0xa94b2cc> on <horizons.world.units.Unit[6] object at 0xf63198c>)
Scheduler calling Callback(<function move_tick at 0xb588a8b4> on <horizons.world.units.Unit[13] object at 0xf5c520c>)
Scheduler calling Callback(<function move_tick at 0xb588a8b4> on <horizons.world.units.Unit[13] object at 0xf607dcc>)
Scheduler calling Callback(<function move_tick at 0xb588a8b4> on <horizons.world.units.Unit[13] object at 0xf5b206c>)
Scheduler calling Callback(<function move_tick at 0xb588a8b4> on <horizons.world.units.Unit[13] object at 0xe19e1ec>)
Scheduler calling Callback(<function move_tick at 0xb588a8b4> on <horizons.world.units.Unit[13] object at 0xf4e26ec>)
Collector 51 begins working
Scheduler calling Callback(<function move_tick at 0xb588a8b4> on <horizons.world.units.Unit[13] object at 0xf60708c>)
Scheduler calling Callback(<function move_tick at 0xb588a8b4> on <horizons.world.units.Unit[13] object at 0xf4ef7ec>)
Collector 185 begins working
Scheduler calling Callback(<function move_tick at 0xa94b2cc> on <horizons.world.units.Unit[1] object at 0xf631b8c>)
Scheduler calling Callback(<function move_tick at 0xb588a8b4> on <horizons.world.units.Unit[13] object at 0xf5ac08c>)
Scheduler calling Callback(<function move_tick at 0xb588a8b4> on <horizons.world.units.Unit[13] object at 0xf5fa28c>)
Scheduler calling Callback(<function move_tick at 0xa94b2cc> on <horizons.world.units.Unit[1] object at 0xf631b8c>)
Scheduler calling Callback(<function move_tick at 0xb588a8b4> on <horizons.world.units.Unit[13] object at 0xf5c564c>)
Scheduler calling Callback(<function move_tick at 0xb588a8b4> on <horizons.world.units.Unit[13] object at 0xf5b206c>)
Scheduler calling Callback(<function move_tick at 0xa94b2cc> on <horizons.world.units.Unit[6] object at 0xf63198c>)
Scheduler calling Callback(<function move_tick at 0xa94b2cc> on <horizons.world.units.Unit[1] object at 0xf631b8c>)
Scheduler calling Callback(<function move_tick at 0xb588a8b4> on <horizons.world.units.Unit[13] object at 0xf5c520c>)
Scheduler calling Callback(<function move_tick at 0xb588a8b4> on <horizons.world.units.Unit[13] object at 0xf607dcc>)
Scheduler calling Callback(<function move_tick at 0xb588a8b4> on <horizons.world.units.Unit[13] object at 0xe19e1ec>)
Collector 11 begins working
Scheduler calling Callback(<function move_tick at 0xb588a8b4> on <horizons.world.units.Unit[13] object at 0xf60708c>)
Collector 334 begins working
Scheduler calling Callback(<function move_tick at 0xb588a8b4> on <horizons.world.units.Unit[13] object at 0xf5ac08c>)
Collector 234 begins working
Scheduler calling Callback(<function move_tick at 0xb588a8b4> on <horizons.world.units.Unit[13] object at 0xf5fa28c>)
Collector 326 begins working
Scheduler calling Callback(<function move_tick at 0xa94b2cc> on <horizons.world.units.Unit[1] object at 0xf631b8c>)
Scheduler calling Callback(<function move_tick at 0xb588a8b4> on <horizons.world.units.Unit[13] object at 0xf5c564c>)
Collector 307 begins working
Scheduler calling Callback(<function move_tick at 0xb588a8b4> on <horizons.world.units.Unit[13] object at 0xf5b206c>)
Collector 266 begins working
Scheduler calling Callback(<function move_tick at 0xa94b2cc> on <horizons.world.units.Unit[1] object at 0xf631b8c>)
Scheduler calling Callback(<function move_tick at 0xb588a8b4> on <horizons.world.units.Unit[13] object at 0xf607dcc>)
Collector 353 begins working
Scheduler calling Callback(<function move_tick at 0xa94b2cc> on <horizons.world.units.Unit[6] object at 0xf63198c>)
Scheduler calling Callback(<function move_tick at 0xa94b2cc> on <horizons.world.units.Unit[1] object at 0xf631b8c>)
Scheduler calling Callback(<function move_tick at 0xb588a8b4> on <horizons.world.units.Unit[13] object at 0xf5c520c>)
Scheduler calling Callback(<function move_tick at 0xb588a8b4> on <horizons.world.units.Unit[13] object at 0xf5c520c>)
Collector 268 begins working
Scheduler calling Callback(<function move_tick at 0xa94b2cc> on <horizons.world.units.Unit[6] object at 0xf63198c>)
BuildingTool mouseMoved
BuildingTool mouseMoved
BuildingTool mouseMoved
BuildingTool mouseMoved
Scheduler calling Callback(<function finish_working at 0xe1711ec> on <horizons.world.units.Unit[13] object at 0xf5793cc>)
Collector 224 finished working
Collector 13 transfer_res
Collector 224 end_job - waiting for new search_job
Wild animal 224 end_job; health: 12
BuildingTool mouseMoved
Scheduler calling Callback(<function move_tick at 0xa94b2cc> on <horizons.world.units.Unit[6] object at 0xf63198c>)
BuildingTool mouseMoved
BuildingTool mousePressed
BuildingTool mouseReleased
BUILDING: REMOVE 33
No translation for file tab_base.xml
Scheduler calling Callback(<function search_job at 0xa94be2c> on <horizons.world.units.Unit[8] object at 0x10a63fcc>)
Collector 379 search job
Collector 379 get_job
Collector 379: no possible job, retry in 2 secs
Scheduler calling Callback(<function move_tick at 0xa94b2cc> on <horizons.world.units.Unit[6] object at 0xf63198c>)
Scheduler calling Callback(<function finish_working at 0xe1711ec> on <horizons.world.units.Unit[13] object at 0xf4d484c>)
Collector 30 finished working
Collector 13 transfer_res
Collector 30 end_job - waiting for new search_job
Wild animal 30 end_job; health: 12
No translation for file single_slot.xml
No translation for file single_slot.xml
No translation for file single_slot.xml
No translation for file tab_base.xml
Scheduler calling Callback(<function search_job at 0xe171224> on <horizons.world.units.Unit[13] object at 0xf5793cc>)
CollectorAnimal 224 search job
Collector 224 search job
WildAnimal 224: get_job
found path: [(1, 12), (0, 12), (-1, 12)]
Collector 224 begins job at Rect(12, -1, -1, 12)
found path: [(1, 12), (0, 12), (-1, 12)]
found path: [(1, 12), (0, 12), (-1, 12)]
Collector 224 began job
Scheduler calling Callback(<function finish_working at 0xe1711ec> on <horizons.world.units.Unit[13] object at 0xf4e26ec>)
Collector 51 finished working
Collector 13 transfer_res
Collector 51 end_job - waiting for new search_job
Wild animal 51 end_job; health: 12
Scheduler calling Callback(<function finish_working at 0xe1711ec> on <horizons.world.units.Unit[13] object at 0xf4ef7ec>)
Collector 185 finished working
Collector 13 transfer_res
Collector 185 end_job - waiting for new search_job
Wild animal 185 end_job; health: 12
Scheduler calling Callback(<function move_tick at 0xa94b2cc> on <horizons.world.units.Unit[6] object at 0xf63198c>)
Scheduler calling Callback(<function search_job at 0xa94be2c> on <horizons.world.units.Unit[8] object at 0x10a63fcc>)
Collector 379 search job
Collector 379 get_job
Collector 379: no possible job, retry in 2 secs
Scheduler calling Callback(<function move_tick at 0xb588a8b4> on <horizons.world.units.Unit[13] object at 0xf5793cc>)
Scheduler calling Callback(<function finish_working at 0xe1711ec> on <horizons.world.units.Unit[13] object at 0xe19e1ec>)
Collector 11 finished working
Collector 13 transfer_res
Collector 11 end_job - waiting for new search_job
Wild animal 11 end_job; health: 12
Scheduler calling Callback(<function finish_working at 0xe1711ec> on <horizons.world.units.Unit[13] object at 0xf60708c>)
Collector 334 finished working
Collector 13 transfer_res
Collector 334 end_job - waiting for new search_job
Wild animal 334 end_job; health: 12
Scheduler calling Callback(<function finish_working at 0xe1711ec> on <horizons.world.units.Unit[13] object at 0xf5ac08c>)
Collector 234 finished working
Collector 13 transfer_res
Collector 234 end_job - waiting for new search_job
Wild animal 234 end_job; health: 12
Scheduler calling Callback(<function finish_working at 0xe1711ec> on <horizons.world.units.Unit[13] object at 0xf5fa28c>)
Collector 326 finished working
Collector 13 transfer_res
Collector 326 end_job - waiting for new search_job
Wild animal 326 end_job; health: 12
Scheduler calling Callback(<function move_tick at 0xa94b2cc> on <horizons.world.units.Unit[6] object at 0xf63198c>)
Scheduler calling Callback(<function move_tick at 0xb588a8b4> on <horizons.world.units.Unit[13] object at 0xf5793cc>)
Collector 224 begins working
Scheduler calling Callback(<function finish_working at 0xe1711ec> on <horizons.world.units.Unit[13] object at 0xf5c564c>)
Collector 307 finished working
Collector 13 transfer_res
Collector 307 end_job - waiting for new search_job
Wild animal 307 end_job; health: 12
Scheduler calling Callback(<function finish_working at 0xe1711ec> on <horizons.world.units.Unit[13] object at 0xf5b206c>)
Collector 266 finished working
Collector 13 transfer_res
Collector 266 end_job - waiting for new search_job
Wild animal 266 end_job; health: 12
Scheduler calling Callback(<function search_job at 0xe171224> on <horizons.world.units.Unit[13] object at 0xf4d484c>)
CollectorAnimal 30 search job
Collector 30 search job
WildAnimal 30: get_job
found path: [(13, -19), (12, -18), (12, -17), (12, -16), (12, -15)]
Collector 30 begins job at Rect(-15, 12, 12, -15)
found path: [(13, -19), (12, -18), (12, -17), (12, -16), (12, -15)]
found path: [(13, -19), (12, -18), (12, -17), (12, -16), (12, -15)]
Collector 30 began job
Scheduler calling Callback(<function finish_working at 0xe1711ec> on <horizons.world.units.Unit[13] object at 0xf607dcc>)
Collector 353 finished working
Collector 13 transfer_res
Collector 353 end_job - waiting for new search_job
Wild animal 353 end_job; health: 12
Scheduler calling Callback(<function move_tick at 0xa94b2cc> on <horizons.world.units.Unit[6] object at 0xf63198c>)
Scheduler calling Callback(<function search_job at 0xe171224> on <horizons.world.units.Unit[13] object at 0xf4e26ec>)
CollectorAnimal 51 search job
Collector 51 search job
WildAnimal 51: get_job
found path: [(-6, -4), (-5, -5), (-4, -6), (-3, -6)]
Collector 51 begins job at Rect(-6, -3, -3, -6)
found path: [(-6, -4), (-5, -5), (-4, -6), (-3, -6)]
found path: [(-6, -4), (-5, -5), (-4, -6), (-3, -6)]
Collector 51 began job
Scheduler calling Callback(<function search_job at 0xe171224> on <horizons.world.units.Unit[13] object at 0xf4ef7ec>)
CollectorAnimal 185 search job
Collector 185 search job
WildAnimal 185: get_job
found path: [(-16, 4), (-15, 3), (-15, 2)]
Collector 185 begins job at Rect(2, -15, -15, 2)
found path: [(-16, 4), (-15, 3), (-15, 2)]
found path: [(-16, 4), (-15, 3), (-15, 2)]
Collector 185 began job
Scheduler calling Callback(<function search_job at 0xa94be2c> on <horizons.world.units.Unit[8] object at 0x10a63fcc>)
Collector 379 search job
Collector 379 get_job
Collector 379: no possible job, retry in 2 secs
Scheduler calling Callback(<function move_tick at 0xa94b2cc> on <horizons.world.units.Unit[6] object at 0xf63198c>)
Scheduler calling Callback(<function move_tick at 0xb588a8b4> on <horizons.world.units.Unit[13] object at 0xf4d484c>)
Scheduler calling Callback(<function finish_working at 0xe1711ec> on <horizons.world.units.Unit[13] object at 0xf5c520c>)
Collector 268 finished working
Collector 13 transfer_res
Collector 268 end_job - waiting for new search_job
Wild animal 268 end_job; health: 12
Scheduler calling Callback(<function search_job at 0xe171224> on <horizons.world.units.Unit[13] object at 0xe19e1ec>)
CollectorAnimal 11 search job
Collector 11 search job
WildAnimal 11: get_job
found path: [(13, -19), (12, -18), (12, -17), (12, -16), (12, -15)]
Collector 11 begins job at Rect(-15, 12, 12, -15)
found path: [(13, -19), (12, -18), (12, -17), (12, -16), (12, -15)]
found path: [(13, -19), (12, -18), (12, -17), (12, -16), (12, -15)]
Collector 11 began job
Scheduler calling Callback(<function search_job at 0xe171224> on <horizons.world.units.Unit[13] object at 0xf60708c>)
CollectorAnimal 334 search job
Collector 334 search job
WildAnimal 334: get_job
found path: [(4, -4), (5, -5), (5, -6), (5, -7), (5, -8)]
Collector 334 begins job at Rect(-8, 5, 5, -8)
found path: [(4, -4), (5, -5), (5, -6), (5, -7), (5, -8)]
found path: [(4, -4), (5, -5), (5, -6), (5, -7), (5, -8)]
Collector 334 began job
Scheduler calling Callback(<function search_job at 0xe171224> on <horizons.world.units.Unit[13] object at 0xf5ac08c>)
CollectorAnimal 234 search job
Collector 234 search job
WildAnimal 234: get_job
found path: [(0, -7), (-1, -7), (-2, -7), (-3, -7), (-4, -7)]
Collector 234 begins job at Rect(-7, -4, -4, -7)
found path: [(0, -7), (-1, -7), (-2, -7), (-3, -7), (-4, -7)]
found path: [(0, -7), (-1, -7), (-2, -7), (-3, -7), (-4, -7)]
Collector 234 began job
Scheduler calling Callback(<function search_job at 0xe171224> on <horizons.world.units.Unit[13] object at 0xf5fa28c>)
CollectorAnimal 326 search job
Collector 326 search job
WildAnimal 326: get_job
found path: [(-6, -24), (-7, -23), (-8, -23), (-9, -23)]
Collector 326 begins job at Rect(-23, -9, -9, -23)
found path: [(-6, -24), (-7, -23), (-8, -23), (-9, -23)]
found path: [(-6, -24), (-7, -23), (-8, -23), (-9, -23)]
Collector 326 began job
Scheduler calling Callback(<function move_tick at 0xb588a8b4> on <horizons.world.units.Unit[13] object at 0xf4e26ec>)
Scheduler calling Callback(<function move_tick at 0xb588a8b4> on <horizons.world.units.Unit[13] object at 0xf4ef7ec>)
Scheduler calling Callback(<function move_tick at 0xa94b2cc> on <horizons.world.units.Unit[6] object at 0xf63198c>)
Scheduler calling Callback(<function search_job at 0xe171224> on <horizons.world.units.Unit[13] object at 0xf5c564c>)
CollectorAnimal 307 search job
Collector 307 search job
WildAnimal 307: get_job
found path: [(8, -5), (7, -5), (6, -5)]
Collector 307 begins job at Rect(-5, 6, 6, -5)
found path: [(8, -5), (7, -5), (6, -5)]
found path: [(8, -5), (7, -5), (6, -5)]
Collector 307 began job
Scheduler calling Callback(<function search_job at 0xe171224> on <horizons.world.units.Unit[13] object at 0xf5b206c>)
CollectorAnimal 266 search job
Collector 266 search job
WildAnimal 266: get_job
found path: [(3, 5), (2, 4)]
Collector 266 begins job at Rect(4, 2, 2, 4)
found path: [(3, 5), (2, 4)]
found path: [(3, 5), (2, 4)]
Collector 266 began job
Scheduler calling Callback(<function move_tick at 0xb588a8b4> on <horizons.world.units.Unit[13] object at 0xf4d484c>)
Scheduler calling Callback(<function search_job at 0xe171224> on <horizons.world.units.Unit[13] object at 0xf607dcc>)
CollectorAnimal 353 search job
Collector 353 search job
WildAnimal 353: get_job
found path: [(5, -20), (6, -21), (6, -22)]
Collector 353 begins job at Rect(-22, 6, 6, -22)
found path: [(5, -20), (6, -21), (6, -22)]
found path: [(5, -20), (6, -21), (6, -22)]
Collector 353 began job
Scheduler calling Callback(<function move_tick at 0xb588a8b4> on <horizons.world.units.Unit[13] object at 0xf5ac08c>)
Scheduler calling Callback(<function move_tick at 0xb588a8b4> on <horizons.world.units.Unit[13] object at 0xf4ef7ec>)
Collector 185 begins working
Scheduler calling Callback(<function move_tick at 0xa94b2cc> on <horizons.world.units.Unit[6] object at 0xf63198c>)
Scheduler calling Callback(<function move_tick at 0xb588a8b4> on <horizons.world.units.Unit[13] object at 0xe19e1ec>)
Scheduler calling Callback(<function move_tick at 0xb588a8b4> on <horizons.world.units.Unit[13] object at 0xf60708c>)
Scheduler calling Callback(<function move_tick at 0xb588a8b4> on <horizons.world.units.Unit[13] object at 0xf5fa28c>)
Scheduler calling Callback(<function move_tick at 0xb588a8b4> on <horizons.world.units.Unit[13] object at 0xf4e26ec>)
Scheduler calling Callback(<function move_tick at 0xb588a8b4> on <horizons.world.units.Unit[13] object at 0xf5c564c>)
Scheduler calling Callback(<function move_tick at 0xb588a8b4> on <horizons.world.units.Unit[13] object at 0xf4d484c>)
Scheduler calling Callback(<function search_job at 0xa94be2c> on <horizons.world.units.Unit[8] object at 0x10a63fcc>)
Collector 379 search job
Collector 379 get_job
Collector 379: no possible job, retry in 2 secs
Scheduler calling Callback(<function move_tick at 0xb588a8b4> on <horizons.world.units.Unit[13] object at 0xf5b206c>)
Collector 266 begins working
Scheduler calling Callback(<function move_tick at 0xb588a8b4> on <horizons.world.units.Unit[13] object at 0xf5ac08c>)
Scheduler calling Callback(<function search_job at 0xe171224> on <horizons.world.units.Unit[13] object at 0xf5c520c>)
CollectorAnimal 268 search job
Collector 268 search job
WildAnimal 268: get_job
found path: [(0, 0), (1, -1), (2, -2), (3, -3)]
Collector 268 begins job at Rect(-3, 3, 3, -3)
found path: [(0, 0), (1, -1), (2, -2), (3, -3)]
found path: [(0, 0), (1, -1), (2, -2), (3, -3)]
Collector 268 began job
Scheduler calling Callback(<function move_tick at 0xb588a8b4> on <horizons.world.units.Unit[13] object at 0xf607dcc>)
Scheduler calling Callback(<function move_tick at 0xa94b2cc> on <horizons.world.units.Unit[6] object at 0xf63198c>)
Scheduler calling Callback(<function move_tick at 0xb588a8b4> on <horizons.world.units.Unit[13] object at 0xe19e1ec>)
Scheduler calling Callback(<function move_tick at 0xb588a8b4> on <horizons.world.units.Unit[13] object at 0xf60708c>)
Scheduler calling Callback(<function move_tick at 0xb588a8b4> on <horizons.world.units.Unit[13] object at 0xf5fa28c>)
Scheduler calling Callback(<function move_tick at 0xb588a8b4> on <horizons.world.units.Unit[13] object at 0xf4e26ec>)
Collector 51 begins working
Scheduler calling Callback(<function move_tick at 0xb588a8b4> on <horizons.world.units.Unit[13] object at 0xf5c564c>)
Collector 307 begins working
Scheduler calling Callback(<function move_tick at 0xb588a8b4> on <horizons.world.units.Unit[13] object at 0xf4d484c>)
Collector 30 begins working
Scheduler calling Callback(<function move_tick at 0xb588a8b4> on <horizons.world.units.Unit[13] object at 0xf5ac08c>)
Scheduler calling Callback(<function move_tick at 0xb588a8b4> on <horizons.world.units.Unit[13] object at 0xf607dcc>)
Collector 353 begins working
Scheduler calling Callback(<function move_tick at 0xa94b2cc> on <horizons.world.units.Unit[6] object at 0xf63198c>)
Scheduler calling Callback(<function move_tick at 0xb588a8b4> on <horizons.world.units.Unit[13] object at 0xe19e1ec>)
Scheduler calling Callback(<function move_tick at 0xb588a8b4> on <horizons.world.units.Unit[13] object at 0xf60708c>)
Scheduler calling Callback(<function move_tick at 0xb588a8b4> on <horizons.world.units.Unit[13] object at 0xf5fa28c>)
Collector 326 begins working
Scheduler calling Callback(<function move_tick at 0xb588a8b4> on <horizons.world.units.Unit[13] object at 0xf5c520c>)
Scheduler calling Callback(<function move_tick at 0xb588a8b4> on <horizons.world.units.Unit[13] object at 0xf5ac08c>)
Collector 234 begins working
Scheduler calling Callback(<function move_tick at 0xa94b2cc> on <horizons.world.units.Unit[6] object at 0xf63198c>)
Scheduler calling Callback(<function search_job at 0xa94be2c> on <horizons.world.units.Unit[8] object at 0x10a63fcc>)
Collector 379 search job
Collector 379 get_job
Collector 379: no possible job, retry in 2 secs
Scheduler calling Callback(<function move_tick at 0xb588a8b4> on <horizons.world.units.Unit[13] object at 0xe19e1ec>)
Collector 11 begins working
Scheduler calling Callback(<function move_tick at 0xb588a8b4> on <horizons.world.units.Unit[13] object at 0xf60708c>)
Collector 334 begins working
Scheduler calling Callback(<function move_tick at 0xb588a8b4> on <horizons.world.units.Unit[13] object at 0xf5c520c>)
Scheduler calling Callback(<function move_tick at 0xa94b2cc> on <horizons.world.units.Unit[6] object at 0xf63198c>)
Scheduler calling Callback(<function finish_working at 0xe1711ec> on <horizons.world.units.Unit[13] object at 0xf5793cc>)
Collector 224 finished working
Collector 13 transfer_res
Collector 224 end_job - waiting for new search_job
Wild animal 224 end_job; health: 14
Scheduler calling Callback(<function move_tick at 0xa94b2cc> on <horizons.world.units.Unit[6] object at 0xf63198c>)
Trader 377: idle, moving to random location
Scheduler calling Callback(<function <lambda> at 0xf6780d4> on <horizons.ai.trader.Trader object at 0xe19e1cc>)
Trader 377: moving to random location
found path: [(0, -38), (-1, -37), (-2, -36), (-3, -35), (-4, -34), (-5, -33), (-6, -32), (-7, -31), (-8, -30), (-9, -29), (-10, -29), (-11, -29), (-12, -29), (-13, -29), (-14, -29), (-15, -29), (-16, -29), (-17, -29), (-18, -29), (-19, -28), (-20, -27), (-21, -26), (-22, -25), (-23, -24), (-23, -23), (-23, -22), (-23, -21), (-23, -20), (-24, -19), (-25, -18), (-26, -17), (-26, -16), (-26, -15), (-26, -14), (-27, -13), (-28, -12), (-29, -11), (-30, -10), (-30, -9), (-30, -8), (-30, -7), (-30, -6), (-30, -5), (-30, -4), (-30, -3), (-30, -2), (-30, -1), (-30, 0), (-29, 1), (-28, 2), (-27, 3), (-27, 4), (-27, 5), (-27, 6), (-27, 7), (-27, 8), (-27, 9), (-27, 10), (-27, 11), (-27, 12), (-27, 13), (-27, 14), (-26, 15), (-25, 16), (-24, 17), (-23, 18), (-22, 19), (-21, 20), (-20, 21), (-20, 22), (-20, 23), (-20, 24), (-20, 25), (-20, 26)]
Scheduler calling Callback(<function move_tick at 0xb588a8b4> on <horizons.world.units.Unit[13] object at 0xf5c520c>)
Collector 268 begins working
Scheduler calling Callback(<function search_job at 0xa94be2c> on <horizons.world.units.Unit[8] object at 0x10a63fcc>)
Collector 379 search job
Collector 379 get_job
Collector 379: no possible job, retry in 2 secs
Scheduler calling Callback(<function move_tick at 0xa94b2cc> on <horizons.world.units.Unit[6] object at 0xf63198c>)
Scheduler calling Callback(<function search_job at 0xe171224> on <horizons.world.units.Unit[13] object at 0xf5793cc>)
CollectorAnimal 224 search job
Collector 224 search job
WildAnimal 224: get_job
found path: [(-1, 12), (0, 12), (1, 13), (2, 14), (3, 14)]
Collector 224 begins job at Rect(14, 3, 3, 14)
found path: [(-1, 12), (0, 12), (1, 13), (2, 14), (3, 14)]
found path: [(-1, 12), (0, 12), (1, 13), (2, 14), (3, 14)]
Collector 224 began job
Scheduler calling Callback(<function finish_working at 0xe1711ec> on <horizons.world.units.Unit[13] object at 0xf4ef7ec>)
Collector 185 finished working
Collector 13 transfer_res
Collector 185 end_job - waiting for new search_job
Wild animal 185 end_job; health: 14
Scheduler calling Callback(<function move_tick at 0xa94b2cc> on <horizons.world.units.Unit[6] object at 0xf63198c>)
Scheduler calling Callback(<function move_tick at 0xb588a8b4> on <horizons.world.units.Unit[13] object at 0xf5793cc>)
Scheduler calling Callback(<function search_job at 0xa94be2c> on <horizons.world.units.Unit[8] object at 0x10a63fcc>)
Collector 379 search job
Collector 379 get_job
Collector 379: no possible job, retry in 2 secs
Scheduler calling Callback(<function finish_working at 0xe1711ec> on <horizons.world.units.Unit[13] object at 0xf5b206c>)
Collector 266 finished working
Collector 13 transfer_res
Collector 266 end_job - waiting for new search_job
Wild animal 266 end_job; health: 14
Scheduler calling Callback(<function finish_working at 0xe1711ec> on <horizons.world.units.Unit[13] object at 0xf4e26ec>)
Collector 51 finished working
Collector 13 transfer_res
Collector 51 end_job - waiting for new search_job
Wild animal 51 end_job; health: 14
Scheduler calling Callback(<function finish_working at 0xe1711ec> on <horizons.world.units.Unit[13] object at 0xf5c564c>)
Collector 307 finished working
Collector 13 transfer_res
Collector 307 end_job - waiting for new search_job
Wild animal 307 end_job; health: 14
Scheduler calling Callback(<function finish_working at 0xe1711ec> on <horizons.world.units.Unit[13] object at 0xf4d484c>)
Collector 30 finished working
Collector 13 transfer_res
Collector 30 end_job - waiting for new search_job
Wild animal 30 end_job; health: 14
Scheduler calling Callback(<function move_tick at 0xa94b2cc> on <horizons.world.units.Unit[6] object at 0xf63198c>)
Scheduler calling Callback(<function move_tick at 0xb588a8b4> on <horizons.world.units.Unit[13] object at 0xf5793cc>)
Scheduler calling Callback(<function finish_working at 0xe1711ec> on <horizons.world.units.Unit[13] object at 0xf607dcc>)
Collector 353 finished working
Collector 13 transfer_res
Collector 353 end_job - waiting for new search_job
Wild animal 353 end_job; health: 14
Scheduler calling Callback(<function finish_working at 0xe1711ec> on <horizons.world.units.Unit[13] object at 0xf5fa28c>)
Collector 326 finished working
Collector 13 transfer_res
Collector 326 end_job - waiting for new search_job
Wild animal 326 end_job; health: 14
Scheduler calling Callback(<function search_job at 0xe171224> on <horizons.world.units.Unit[13] object at 0xf4ef7ec>)
CollectorAnimal 185 search job
Collector 185 search job
WildAnimal 185: get_job
found path: [(-15, 2), (-14, 1), (-13, 1), (-12, 1)]
Collector 185 begins job at Rect(1, -12, -12, 1)
found path: [(-15, 2), (-14, 1), (-13, 1), (-12, 1)]
found path: [(-15, 2), (-14, 1), (-13, 1), (-12, 1)]
Collector 185 began job
Scheduler calling Callback(<function finish_working at 0xe1711ec> on <horizons.world.units.Unit[13] object at 0xf5ac08c>)
Collector 234 finished working
Collector 13 transfer_res
Collector 234 end_job - waiting for new search_job
Wild animal 234 end_job; health: 14
Scheduler calling Callback(<function move_tick at 0xa94b2cc> on <horizons.world.units.Unit[6] object at 0xf63198c>)
Scheduler calling Callback(<function move_tick at 0xb588a8b4> on <horizons.world.units.Unit[13] object at 0xf5793cc>)
Scheduler calling Callback(<function finish_working at 0xe1711ec> on <horizons.world.units.Unit[13] object at 0xe19e1ec>)
Collector 11 finished working
Collector 13 transfer_res
Collector 11 end_job - waiting for new search_job
Wild animal 11 end_job; health: 14
Scheduler calling Callback(<function finish_working at 0xe1711ec> on <horizons.world.units.Unit[13] object at 0xf60708c>)
Collector 334 finished working
Collector 13 transfer_res
Collector 334 end_job - waiting for new search_job
Wild animal 334 end_job; health: 14
Scheduler calling Callback(<function search_job at 0xa94be2c> on <horizons.world.units.Unit[8] object at 0x10a63fcc>)
Collector 379 search job
Collector 379 get_job
Collector 379: no possible job, retry in 2 secs
Scheduler calling Callback(<function search_job at 0xe171224> on <horizons.world.units.Unit[13] object at 0xf5b206c>)
CollectorAnimal 266 search job
Collector 266 search job
WildAnimal 266: get_job
found path: [(2, 4), (3, 3), (4, 2), (5, 1), (5, 0)]
Collector 266 begins job at Rect(0, 5, 5, 0)
found path: [(2, 4), (3, 3), (4, 2), (5, 1), (5, 0)]
found path: [(2, 4), (3, 3), (4, 2), (5, 1), (5, 0)]
Collector 266 began job
Scheduler calling Callback(<function search_job at 0xe171224> on <horizons.world.units.Unit[13] object at 0xf4e26ec>)
CollectorAnimal 51 search job
Collector 51 search job
WildAnimal 51: get_job
found path: [(-3, -6), (-4, -6), (-5, -6), (-6, -6), (-7, -6), (-8, -6)]
Collector 51 begins job at Rect(-6, -8, -8, -6)
found path: [(-3, -6), (-4, -6), (-5, -6), (-6, -6), (-7, -6), (-8, -6)]
found path: [(-3, -6), (-4, -6), (-5, -6), (-6, -6), (-7, -6), (-8, -6)]
Collector 51 began job
Scheduler calling Callback(<function search_job at 0xe171224> on <horizons.world.units.Unit[13] object at 0xf5c564c>)
CollectorAnimal 307 search job
Collector 307 search job
WildAnimal 307: get_job
found path: [(6, -5), (7, -6), (8, -6), (9, -6), (10, -6)]
Collector 307 begins job at Rect(-6, 10, 10, -6)
found path: [(6, -5), (7, -6), (8, -6), (9, -6), (10, -6)]
found path: [(6, -5), (7, -6), (8, -6), (9, -6), (10, -6)]
Collector 307 began job
Scheduler calling Callback(<function search_job at 0xe171224> on <horizons.world.units.Unit[13] object at 0xf4d484c>)
CollectorAnimal 30 search job
Collector 30 search job
WildAnimal 30: get_job
found path: [(12, -15), (11, -16)]
Collector 30 begins job at Rect(-16, 11, 11, -16)
found path: [(12, -15), (11, -16)]
found path: [(12, -15), (11, -16)]
Collector 30 began job
Scheduler calling Callback(<function move_tick at 0xb588a8b4> on <horizons.world.units.Unit[13] object at 0xf4ef7ec>)
Scheduler calling Callback(<function move_tick at 0xb588a8b4> on <horizons.world.units.Unit[13] object at 0xf5793cc>)
Collector 224 begins working
Scheduler calling Callback(<function move_tick at 0xa94b2cc> on <horizons.world.units.Unit[6] object at 0xf63198c>)
Scheduler calling Callback(<function search_job at 0xe171224> on <horizons.world.units.Unit[13] object at 0xf607dcc>)
CollectorAnimal 353 search job
Collector 353 search job
WildAnimal 353: get_job
found path: [(6, -22), (6, -23)]
Collector 353 begins job at Rect(-23, 6, 6, -23)
found path: [(6, -22), (6, -23)]
found path: [(6, -22), (6, -23)]
Collector 353 began job
Scheduler calling Callback(<function move_tick at 0xb588a8b4> on <horizons.world.units.Unit[13] object at 0xf5b206c>)
Scheduler calling Callback(<function search_job at 0xe171224> on <horizons.world.units.Unit[13] object at 0xf5fa28c>)
CollectorAnimal 326 search job
Collector 326 search job
WildAnimal 326: get_job
found path: [(-9, -23), (-8, -23), (-7, -23)]
Collector 326 begins job at Rect(-23, -7, -7, -23)
found path: [(-9, -23), (-8, -23), (-7, -23)]
found path: [(-9, -23), (-8, -23), (-7, -23)]
Collector 326 began job
Scheduler calling Callback(<function move_tick at 0xb588a8b4> on <horizons.world.units.Unit[13] object at 0xf4e26ec>)
Scheduler calling Callback(<function move_tick at 0xb588a8b4> on <horizons.world.units.Unit[13] object at 0xf4ef7ec>)
